
Xvnc Free Edition 4.1.1 - built Jan 14 2013 22:28:40
Copyright (C) 2002-2005 RealVNC Ltd.
See http://www.realvnc.com for information on VNC.
Underlying X server release 40300000, The XFree86 Project, Inc


Tue Nov 18 20:51:55 2014
 vncext:      VNC extension running!
 vncext:      Listening for VNC connections on port 5900
 vncext:      created VNC server for screen 0
error opening security policy file /etc/X11/xserver/SecurityPolicy
Could not init font path element /usr/X11R6/lib/X11/fonts/Type1/, removing from list!
Could not init font path element /usr/X11R6/lib/X11/fonts/Speedo/, removing from list!
Could not init font path element /usr/X11R6/lib/X11/fonts/misc/, removing from list!
Could not init font path element /usr/X11R6/lib/X11/fonts/75dpi/, removing from list!
Could not init font path element /usr/X11R6/lib/X11/fonts/100dpi/, removing from list!
Could not init font path element /usr/share/fonts/X11/Type1/, removing from list!
Could not init font path element /usr/share/fonts/X11/75dpi/, removing from list!
Could not init font path element /usr/share/fonts/X11/100dpi/, removing from list!
Option "--login" is no longer supported in this version of gnome-terminal; you might want to create a profile with the desired setting, and use the new '--profile' option

(gnome-terminal:22548): GLib-GIO-CRITICAL **: g_settings_get: the format string may not contain '&' (key 'monospace-font-name' from schema 'org.gnome.desktop.interface'). This call will probably stop working with a future version of glib.

Tue Nov 18 20:52:39 2014
 Connections: accepted: 0.0.0.0::64370
 SConnection: Client needs protocol version 3.8
 SConnection: Client requests security type VncAuth(2)

Tue Nov 18 20:52:43 2014
 VNCSConnST:  Server default pixel format depth 16 (16bpp) little-endian rgb565
 VNCSConnST:  Client pixel format depth 8 (8bpp) colour-map
 VNCSConnST:  Client pixel format depth 16 (16bpp) little-endian rgb565

Tue Nov 18 20:53:12 2014
 XserverDesktop: Added unknown keysym 0xfe03 to keycode 255

(gnome-terminal:22615): GLib-GIO-CRITICAL **: g_settings_get: the format string may not contain '&' (key 'monospace-font-name' from schema 'org.gnome.desktop.interface'). This call will probably stop working with a future version of glib.

Tue Nov 18 21:54:31 2014
 XserverDesktop: Added unknown keysym 0xffeb to keycode 254
Failed to read: session.screen0.demandsAttentionTimeout
Setting default value

(gnome-terminal:22548): Gtk-WARNING **: Attempting to read the recently used resources file at `/home/vynguyen/.local/share/recently-used.xbel', but the parser failed: Failed to open file '/home/vynguyen/.local/share/recently-used.xbel': Permission denied.

(gnome-terminal:22548): Gtk-WARNING **: Unknown property: GtkHScale.update-policy

Wed Nov 19 13:05:34 2014
 Connections: closed: 0.0.0.0::64370 (read: Connection reset by peer (104))
 SMsgWriter:  framebuffer updates 84971
 SMsgWriter:    raw rects 1, bytes 17292
 SMsgWriter:    copyRect rects 905, bytes 14480
 SMsgWriter:    hextile rects 187148, bytes 194385472
 SMsgWriter:    ZRLE rects 2, bytes 7230
 SMsgWriter:    raw bytes equivalent 817940838, compression ratio 4.207298
XIO:  fatal IO error 11 (Resource temporarily unavailable) on X server ":0"
      after 3697288 requests (3697288 known processed) with 9 events remaining.

(gnome-terminal:22615): Gdk-WARNING **: gnome-terminal: Fatal IO error 11 (Resource temporarily unavailable) on X server :0.0.


(gnome-terminal:22548): Gdk-WARNING **: gnome-terminal: Fatal IO error 11 (Resource temporarily unavailable) on X server :0.

